<?xml version="1.0" encoding="UTF-8"?>
<testsuite name="LibraryTest" tests="1" skipped="0" failures="0" errors="0" timestamp="2018-11-30T20:24:23" hostname="Garu" time="0.01">
  <properties/>
  <testcase name="testSomeLibraryMethod" classname="LibraryTest" time="0.01"/>
  <system-out><![CDATA[]]></system-out>
  <system-err><![CDATA[]]></system-err>
</testsuite>
